2026-07-13 01:32:03,840 [INFO] __main__: Service started, watching C:/Users/alimr/AppData/Local/Proton/Proton VPN/Logs/client-logs.txt
2026-07-13 01:32:04,859 [INFO] proton: New Proton port: 52541
2026-07-13 01:32:14,872 [INFO] proton: New Proton port: 52541
2026-07-13 01:32:22,905 [INFO] proton: New Proton port: 52541
2026-07-13 01:32:23,409 [INFO] proton: New Proton port: 52541
2026-07-13 01:32:24,914 [INFO] proton: New Proton port: 52541
2026-07-13 01:32:34,926 [INFO] proton: New Proton port: 52541
2026-07-13 01:32:44,954 [INFO] proton: New Proton port: 52541
2026-07-13 01:32:53,486 [INFO] proton: New Proton port: 52541
2026-07-13 01:32:53,489 [INFO] proton: New Proton port: 52541
2026-07-13 01:32:54,493 [INFO] proton: New Proton port: 52541
2026-07-13 01:33:04,505 [INFO] proton: New Proton port: 52541
2026-07-13 01:33:14,539 [INFO] proton: New Proton port: 52541
2026-07-13 01:33:23,551 [INFO] proton: New Proton port: 52541
2026-07-13 01:33:23,576 [INFO] proton: New Proton port: 52541
2026-07-13 01:33:24,580 [INFO] proton: New Proton port: 52541
2026-07-13 01:33:34,592 [INFO] proton: New Proton port: 52541
2026-07-13 01:33:44,622 [INFO] proton: New Proton port: 52541
2026-07-13 01:33:53,646 [INFO] proton: New Proton port: 52541
2026-07-13 01:33:53,650 [INFO] proton: New Proton port: 52541
2026-07-13 01:33:54,653 [INFO] proton: New Proton port: 52541
2026-07-13 01:34:04,665 [INFO] proton: New Proton port: 52541
2026-07-13 01:34:14,693 [INFO] proton: New Proton port: 52541
2026-07-13 01:34:23,704 [INFO] proton: New Proton port: 52541
2026-07-13 01:34:23,718 [INFO] proton: New Proton port: 52541
2026-07-13 01:34:24,721 [INFO] proton: New Proton port: 52541
2026-07-13 01:34:26,226 [INFO] proton: New Proton port: 52541
2026-07-13 01:40:15,786 [INFO] __main__: Shutting down
2026-07-13 01:40:58,069 [INFO] __main__: Service started, watching C:/Users/alimr/AppData/Local/Proton/Proton VPN/Logs/client-logs.txt
2026-07-13 01:41:00,087 [WARNING] __main__: Proton service not running, skipping
2026-07-13 01:41:02,088 [WARNING] __main__: Proton service not running, skipping
2026-07-13 01:41:04,090 [WARNING] __main__: Proton service not running, skipping
2026-07-13 01:41:06,091 [WARNING] __main__: Proton service not running, skipping
2026-07-13 01:41:08,093 [WARNING] __main__: Proton service not running, skipping
2026-07-13 01:41:10,095 [WARNING] __main__: Proton service not running, skipping
2026-07-13 01:41:12,096 [WARNING] __main__: Proton service not running, skipping
2026-07-13 01:41:14,098 [WARNING] __main__: Proton service not running, skipping
2026-07-13 01:41:16,099 [WARNING] __main__: Proton service not running, skipping
2026-07-13 01:41:18,101 [WARNING] __main__: Proton service not running, skipping
2026-07-13 01:41:20,102 [INFO] proton: New Proton port: 52994
2026-07-13 01:41:20,127 [INFO] qbit: Updated qBittorrent listen_port -> 52994
2026-07-13 01:41:30,134 [INFO] proton: New Proton port: 52994
2026-07-13 01:41:40,153 [INFO] proton: New Proton port: 52994
2026-07-13 01:41:50,162 [INFO] proton: New Proton port: 52994
2026-07-13 01:41:50,183 [INFO] proton: New Proton port: 52994
2026-07-13 01:41:50,186 [INFO] proton: New Proton port: 52994
2026-07-13 01:42:00,196 [INFO] proton: New Proton port: 52994
2026-07-13 01:42:10,219 [INFO] proton: New Proton port: 52994
2026-07-13 01:42:20,251 [INFO] proton: New Proton port: 52994
2026-07-13 01:42:20,277 [INFO] proton: New Proton port: 52994
2026-07-13 01:42:20,280 [INFO] proton: New Proton port: 52994
2026-07-13 01:42:30,288 [INFO] proton: New Proton port: 52994
2026-07-13 01:42:40,299 [INFO] proton: New Proton port: 52994
2026-07-13 01:42:50,309 [INFO] proton: New Proton port: 52994
2026-07-13 01:42:50,313 [INFO] proton: New Proton port: 52994
2026-07-13 01:42:50,315 [INFO] proton: New Proton port: 52994
2026-07-13 01:43:00,327 [INFO] proton: New Proton port: 52994
2026-07-13 01:43:10,338 [INFO] proton: New Proton port: 52994
2026-07-13 01:43:20,370 [INFO] proton: New Proton port: 52994
2026-07-13 01:43:20,374 [INFO] proton: New Proton port: 52994
2026-07-13 01:43:20,376 [INFO] proton: New Proton port: 52994
2026-07-13 01:43:30,385 [INFO] proton: New Proton port: 52994
2026-07-13 01:43:40,409 [INFO] proton: New Proton port: 52994
2026-07-13 01:43:50,440 [INFO] proton: New Proton port: 52994
2026-07-13 01:43:50,444 [INFO] proton: New Proton port: 52994
2026-07-13 01:43:50,447 [INFO] proton: New Proton port: 52994
2026-07-13 01:44:00,455 [INFO] proton: New Proton port: 52994
2026-07-13 01:44:10,465 [INFO] proton: New Proton port: 52994
2026-07-13 01:44:20,501 [INFO] proton: New Proton port: 52994
2026-07-13 01:44:20,504 [INFO] proton: New Proton port: 52994
2026-07-13 01:44:20,507 [INFO] proton: New Proton port: 52994
2026-07-13 01:44:30,515 [INFO] proton: New Proton port: 52994
2026-07-13 01:44:40,536 [INFO] proton: New Proton port: 52994
2026-07-13 01:44:50,563 [INFO] proton: New Proton port: 52994
2026-07-13 01:44:50,567 [INFO] proton: New Proton port: 52994
2026-07-13 01:44:54,572 [INFO] proton: New Proton port: 52994
2026-07-13 01:45:00,579 [INFO] proton: New Proton port: 52994
2026-07-13 01:45:10,588 [INFO] proton: New Proton port: 52994
2026-07-13 01:45:20,598 [INFO] proton: New Proton port: 52994
2026-07-13 01:45:24,628 [INFO] proton: New Proton port: 52994
2026-07-13 01:45:24,631 [INFO] proton: New Proton port: 52994
2026-07-13 01:45:30,638 [INFO] proton: New Proton port: 52994
2026-07-13 01:45:40,648 [INFO] proton: New Proton port: 52994
2026-07-13 01:45:47,515 [INFO] __main__: Shutting down
2026-07-13 01:45:49,827 [INFO] __main__: Service started, watching C:/Users/alimr/AppData/Local/Proton/Proton VPN/Logs/client-logs.txt
2026-07-13 01:45:55,851 [INFO] proton: Proton port: 52994
2026-07-13 01:46:10,855 [INFO] proton: Proton port: 52994
2026-07-13 01:46:25,859 [INFO] proton: Proton port: 52994
2026-07-13 01:46:40,874 [INFO] proton: Proton port: 52994
2026-07-13 01:46:55,878 [INFO] proton: Proton port: 52994
2026-07-13 01:47:10,882 [INFO] proton: Proton port: 52994
2026-07-13 01:47:25,886 [INFO] proton: Proton port: 52994
2026-07-13 01:47:40,913 [INFO] proton: Proton port: 52994
2026-07-13 01:47:51,988 [INFO] __main__: Shutting down
2026-07-13 01:48:04,443 [INFO] __main__: Service started, watching C:/Users/alimr/AppData/Local/Proton/Proton VPN/Logs/client-logs.txt
2026-07-13 01:48:10,465 [INFO] proton: Proton port: 52994
2026-07-13 01:48:25,470 [INFO] proton: Proton port: 52994
2026-07-13 01:48:40,474 [INFO] proton: Proton port: 52994
2026-07-13 01:48:55,479 [INFO] proton: Proton port: 52994
2026-07-13 01:48:56,977 [INFO] __main__: Shutting down
2026-07-13 01:49:13,365 [INFO] __main__: Service started, watching C:/Users/alimr/AppData/Local/Proton/Proton VPN/Logs/client-logs.txt
2026-07-13 01:49:23,425 [INFO] qbit: Updated qBittorrent listen_port -> 51426
2026-07-13 01:49:23,425 [INFO] __main__: Proton port: 51426
2026-07-13 01:51:01,332 [INFO] __main__: Shutting down
2026-07-13 01:51:03,411 [INFO] __main__: Service started, watching C:/Users/alimr/AppData/Local/Proton/Proton VPN/Logs/client-logs.txt
2026-07-13 01:51:13,449 [INFO] __main__: Proton port: 51426 [Unchanged]
2026-07-13 01:51:28,471 [INFO] __main__: Proton port: 51426 [Unchanged]
2026-07-13 01:51:43,475 [INFO] __main__: Proton port: 51426 [Unchanged]
2026-07-13 01:51:58,502 [INFO] qbit: Updated qBittorrent listen_port -> 42180
2026-07-13 01:51:58,505 [INFO] __main__: Proton port: 42180 [Unchanged]
2026-07-13 01:52:13,531 [INFO] __main__: Proton port: 42180 [Unchanged]
2026-07-13 01:52:28,554 [INFO] __main__: Proton port: 42180 [Unchanged]
2026-07-13 01:52:43,558 [INFO] __main__: Proton port: 42180 [Unchanged]
2026-07-13 01:52:58,562 [INFO] __main__: Proton port: 42180 [Unchanged]
2026-07-13 01:53:13,591 [INFO] __main__: Proton port: 42180 [Unchanged]
2026-07-13 01:53:19,037 [INFO] __main__: Shutting down
2026-07-13 01:54:17,416 [INFO] __main__: Service started, watching C:/Users/alimr/AppData/Local/Proton/Proton VPN/Logs/client-logs.txt
2026-07-13 01:54:25,440 [INFO] __main__: Proton port: 42180 [Unchanged]
2026-07-13 01:54:40,457 [INFO] __main__: Proton port: 42180 [Unchanged]
2026-07-13 01:54:55,480 [INFO] __main__: Proton port: 42180 [Unchanged]
2026-07-13 01:55:10,505 [INFO] __main__: Proton port: 42180 [Unchanged]
2026-07-13 01:55:24,583 [INFO] __main__: Shutting down
2026-07-13 02:09:29,629 [INFO] __main__: Service started, watching C:/Users/alimr/AppData/Local/Proton/Proton VPN/Logs/client-logs.txt
2026-07-13 02:09:35,653 [INFO] __main__: Proton port: 42180 [Unchanged]
2026-07-13 02:09:50,676 [INFO] __main__: Proton port: 42180 [Unchanged]
2026-07-13 02:10:05,698 [INFO] __main__: Proton port: 42180 [Unchanged]
2026-07-13 02:10:20,702 [INFO] __main__: Proton port: 42180 [Unchanged]
2026-07-13 02:10:35,727 [INFO] __main__: Proton port: 42180 [Unchanged]
2026-07-13 02:10:50,752 [INFO] __main__: Proton port: 42180 [Unchanged]
2026-07-13 02:11:07,753 [INFO] proton: Proton log file rotated/truncated, reopening
2026-07-13 02:11:15,799 [INFO] __main__: Proton port: 42180 [Unchanged]
2026-07-13 02:11:30,819 [INFO] __main__: Proton port: 42180 [Unchanged]
2026-07-13 02:11:45,823 [INFO] __main__: Proton port: 42180 [Unchanged]
2026-07-13 02:12:00,828 [INFO] __main__: Proton port: 42180 [Unchanged]
2026-07-13 02:12:15,833 [INFO] __main__: Proton port: 42180 [Unchanged]
2026-07-13 02:12:30,837 [INFO] __main__: Proton port: 42180 [Unchanged]
2026-07-13 02:12:45,858 [INFO] __main__: Proton port: 42180 [Unchanged]
2026-07-13 02:13:00,881 [INFO] __main__: Proton port: 42180 [Unchanged]
2026-07-13 02:13:15,910 [INFO] __main__: Proton port: 42180 [Unchanged]
2026-07-13 02:13:30,932 [INFO] __main__: Proton port: 42180 [Unchanged]
2026-07-13 02:13:45,953 [INFO] __main__: Proton port: 42180 [Unchanged]
2026-07-13 02:14:00,972 [INFO] __main__: Proton port: 42180 [Unchanged]
2026-07-13 02:14:15,994 [INFO] __main__: Proton port: 42180 [Unchanged]
2026-07-13 02:14:31,016 [INFO] __main__: Proton port: 42180 [Unchanged]
2026-07-13 02:14:46,043 [INFO] __main__: Proton port: 42180 [Unchanged]
2026-07-13 02:15:01,065 [INFO] __main__: Proton port: 42180 [Unchanged]
2026-07-13 02:15:16,091 [INFO] __main__: Proton port: 42180 [Unchanged]
2026-07-13 02:15:31,117 [INFO] __main__: Proton port: 42180 [Unchanged]
2026-07-13 02:15:46,121 [INFO] __main__: Proton port: 42180 [Unchanged]
2026-07-13 02:16:01,146 [INFO] __main__: Proton port: 42180 [Unchanged]
2026-07-13 02:16:16,169 [INFO] __main__: Proton port: 42180 [Unchanged]
2026-07-13 02:16:31,174 [INFO] __main__: Proton port: 42180 [Unchanged]
2026-07-13 02:16:46,178 [INFO] __main__: Proton port: 42180 [Unchanged]
2026-07-13 02:17:01,183 [INFO] __main__: Proton port: 42180 [Unchanged]
2026-07-13 02:17:16,210 [INFO] __main__: Proton port: 42180 [Unchanged]
2026-07-13 02:17:31,214 [INFO] __main__: Proton port: 42180 [Unchanged]
2026-07-13 02:17:46,218 [INFO] __main__: Proton port: 42180 [Unchanged]
2026-07-13 02:18:01,222 [INFO] __main__: Proton port: 42180 [Unchanged]
2026-07-13 02:18:16,227 [INFO] __main__: Proton port: 42180 [Unchanged]
2026-07-13 02:18:31,250 [INFO] __main__: Proton port: 42180 [Unchanged]
2026-07-13 02:18:46,254 [INFO] __main__: Proton port: 42180 [Unchanged]
2026-07-13 02:19:01,259 [INFO] __main__: Proton port: 42180 [Unchanged]
2026-07-13 02:19:16,263 [INFO] __main__: Proton port: 42180 [Unchanged]
2026-07-13 02:19:31,267 [INFO] __main__: Proton port: 42180 [Unchanged]
2026-07-13 02:19:46,286 [INFO] __main__: Proton port: 42180 [Unchanged]
2026-07-13 02:20:01,309 [INFO] __main__: Proton port: 42180 [Unchanged]
2026-07-13 02:20:16,313 [INFO] __main__: Proton port: 42180 [Unchanged]
2026-07-13 02:20:31,338 [INFO] __main__: Proton port: 42180 [Unchanged]
2026-07-13 02:20:46,343 [INFO] __main__: Proton port: 42180 [Unchanged]
2026-07-13 02:21:01,368 [INFO] __main__: Proton port: 42180 [Unchanged]
2026-07-13 02:21:16,393 [INFO] __main__: Proton port: 42180 [Unchanged]
2026-07-13 02:21:31,398 [INFO] __main__: Proton port: 42180 [Unchanged]
2026-07-13 02:21:46,421 [INFO] __main__: Proton port: 42180 [Unchanged]
2026-07-13 02:22:01,448 [INFO] __main__: Proton port: 42180 [Unchanged]
2026-07-13 02:22:16,479 [INFO] __main__: Proton port: 42180 [Unchanged]
2026-07-13 02:22:31,484 [INFO] __main__: Proton port: 42180 [Unchanged]
2026-07-13 02:22:46,489 [INFO] __main__: Proton port: 42180 [Unchanged]
2026-07-13 02:23:01,492 [INFO] __main__: Proton port: 42180 [Unchanged]
2026-07-13 02:23:16,497 [INFO] __main__: Proton port: 42180 [Unchanged]
2026-07-13 02:23:31,520 [INFO] __main__: Proton port: 42180 [Unchanged]
2026-07-13 21:14:12,103 [INFO] __main__: Service started, watching C:/Users/alimr/AppData/Local/Proton/Proton VPN/Logs/client-logs.txt
2026-07-13 21:14:14,134 [WARNING] __main__: Proton service not running, skipping
2026-07-13 21:14:21,136 [WARNING] __main__: Proton service not running, skipping
2026-07-13 21:14:28,138 [WARNING] __main__: Proton service not running, skipping
2026-07-13 21:14:30,583 [INFO] __main__: Shutting down
